<?xml version="1.0" encoding="UTF-8"?>
<testsuite xmlns:xsi="http://www.w3.org/2001/XMLSchema-instance" xsi:noNamespaceSchemaLocation="https://maven.apache.org/surefire/maven-surefire-plugin/xsd/surefire-test-report.xsd" name="com.godzilla.AppTest" time="0.05" tests="1" errors="0" skipped="0" failures="0">
  <properties>
    <property name="java.specification.version" value="14"/>
    <property name="sun.cpu.isalist" value="amd64"/>
    <property name="sun.jnu.encoding" value="Cp1252"/>
    <property name="java.class.path" value="C:\Users\zaval\Desktop\webcrawler-godzilla\webcrawler\target\test-classes;C:\Users\zaval\Desktop\webcrawler-godzilla\webcrawler\target\classes;C:\Users\zaval\.m2\repository\junit\junit\4.11\junit-4.11.jar;C:\Users\zaval\.m2\repository\org\hamcrest\hamcrest-core\1.3\hamcrest-core-1.3.jar;C:\Users\zaval\.m2\repository\org\htmlparser\htmlparser\2.1\htmlparser-2.1.jar;C:\Users\zaval\.m2\repository\org\htmlparser\htmllexer\2.1\htmllexer-2.1.jar;C:\Users\zaval\.m2\repository\org\json\json\20210307\json-20210307.jar;C:\Users\zaval\.m2\repository\org\openjfx\javafx-fxml\11\javafx-fxml-11.jar;C:\Users\zaval\.m2\repository\org\openjfx\javafx-fxml\11\javafx-fxml-11-win.jar;C:\Users\zaval\.m2\repository\org\openjfx\javafx-controls\11\javafx-controls-11.jar;C:\Users\zaval\.m2\repository\org\openjfx\javafx-controls\11\javafx-controls-11-win.jar;C:\Users\zaval\.m2\repository\org\openjfx\javafx-graphics\11\javafx-graphics-11.jar;C:\Users\zaval\.m2\repository\org\openjfx\javafx-graphics\11\javafx-graphics-11-win.jar;C:\Users\zaval\.m2\repository\org\openjfx\javafx-base\11\javafx-base-11.jar;C:\Users\zaval\.m2\repository\org\openjfx\javafx-base\11\javafx-base-11-win.jar;"/>
    <property name="java.vm.vendor" value="Oracle Corporation"/>
    <property name="sun.arch.data.model" value="64"/>
    <property name="user.variant" value=""/>
    <property name="java.vendor.url" value="https://java.oracle.com/"/>
    <property name="user.timezone" value="America/Mexico_City"/>
    <property name="os.name" value="Windows 10"/>
    <property name="java.vm.specification.version" value="14"/>
    <property name="sun.java.launcher" value="SUN_STANDARD"/>
    <property name="user.country" value="MX"/>
    <property name="sun.boot.library.path" value="C:\Program Files\Java\jdk-14.0.2\bin"/>
    <property name="sun.java.command" value="C:\Users\zaval\AppData\Local\Temp\surefire14724084800624935316\surefirebooter3494457480760569119.jar C:\Users\zaval\AppData\Local\Temp\surefire14724084800624935316 2021-07-30T16-57-08_677-jvmRun1 surefire11959131224494287938tmp surefire_012741357879678817946tmp"/>
    <property name="jdk.debug" value="release"/>
    <property name="surefire.test.class.path" value="C:\Users\zaval\Desktop\webcrawler-godzilla\webcrawler\target\test-classes;C:\Users\zaval\Desktop\webcrawler-godzilla\webcrawler\target\classes;C:\Users\zaval\.m2\repository\junit\junit\4.11\junit-4.11.jar;C:\Users\zaval\.m2\repository\org\hamcrest\hamcrest-core\1.3\hamcrest-core-1.3.jar;C:\Users\zaval\.m2\repository\org\htmlparser\htmlparser\2.1\htmlparser-2.1.jar;C:\Users\zaval\.m2\repository\org\htmlparser\htmllexer\2.1\htmllexer-2.1.jar;C:\Users\zaval\.m2\repository\org\json\json\20210307\json-20210307.jar;C:\Users\zaval\.m2\repository\org\openjfx\javafx-fxml\11\javafx-fxml-11.jar;C:\Users\zaval\.m2\repository\org\openjfx\javafx-fxml\11\javafx-fxml-11-win.jar;C:\Users\zaval\.m2\repository\org\openjfx\javafx-controls\11\javafx-controls-11.jar;C:\Users\zaval\.m2\repository\org\openjfx\javafx-controls\11\javafx-controls-11-win.jar;C:\Users\zaval\.m2\repository\org\openjfx\javafx-graphics\11\javafx-graphics-11.jar;C:\Users\zaval\.m2\repository\org\openjfx\javafx-graphics\11\javafx-graphics-11-win.jar;C:\Users\zaval\.m2\repository\org\openjfx\javafx-base\11\javafx-base-11.jar;C:\Users\zaval\.m2\repository\org\openjfx\javafx-base\11\javafx-base-11-win.jar;"/>
    <property name="sun.cpu.endian" value="little"/>
    <property name="user.home" value="C:\Users\zaval"/>
    <property name="user.language" value="es"/>
    <property name="java.specification.vendor" value="Oracle Corporation"/>
    <property name="java.version.date" value="2020-07-14"/>
    <property name="java.home" value="C:\Program Files\Java\jdk-14.0.2"/>
    <property name="file.separator" value="\"/>
    <property name="basedir" value="C:\Users\zaval\Desktop\webcrawler-godzilla\webcrawler"/>
    <property name="java.vm.compressedOopsMode" value="Zero based"/>
    <property name="line.separator" value="&#10;"/>
    <property name="java.vm.specification.vendor" value="Oracle Corporation"/>
    <property name="java.specification.name" value="Java Platform API Specification"/>
    <property name="surefire.real.class.path" value="C:\Users\zaval\AppData\Local\Temp\surefire14724084800624935316\surefirebooter3494457480760569119.jar"/>
    <property name="user.script" value=""/>
    <property name="sun.management.compiler" value="HotSpot 64-Bit Tiered Compilers"/>
    <property name="java.runtime.version" value="14.0.2+12-46"/>
    <property name="user.name" value="zaval"/>
    <property name="path.separator" value=";"/>
    <property name="os.version" value="10.0"/>
    <property name="java.runtime.name" value="Java(TM) SE Runtime Environment"/>
    <property name="file.encoding" value="Cp1252"/>
    <property name="java.vm.name" value="Java HotSpot(TM) 64-Bit Server VM"/>
    <property name="localRepository" value="C:\Users\zaval\.m2\repository"/>
    <property name="java.vendor.url.bug" value="https://bugreport.java.com/bugreport/"/>
    <property name="java.io.tmpdir" value="C:\Users\zaval\AppData\Local\Temp\"/>
    <property name="java.version" value="14.0.2"/>
    <property name="user.dir" value="C:\Users\zaval\Desktop\webcrawler-godzilla\webcrawler"/>
    <property name="os.arch" value="amd64"/>
    <property name="java.vm.specification.name" value="Java Virtual Machine Specification"/>
    <property name="sun.os.patch.level" value=""/>
    <property name="java.library.path" value="C:\Program Files\Java\jdk-14.0.2\bin;C:\Windows\Sun\Java\bin;C:\Windows\system32;C:\Windows;C:\Program Files (x86)\VMware\VMware Workstation\bin\;C:\Windows\system32;C:\Windows;C:\Windows\System32\Wbem;C:\Windows\System32\WindowsPowerShell\v1.0\;C:\Windows\System32\OpenSSH\;C:\Program Files (x86)\NVIDIA Corporation\PhysX\Common;C:\Program Files\NVIDIA Corporation\NVIDIA NvDLISR;C:\Program Files (x86)\ZeroTier\One\;C:\Users\zaval\AppData\Local\Microsoft\WindowsApps;C:\Users\zaval\AppData\Local\Programs\Microsoft VS Code\bin;C:\Program Files\Java\jdk-14.0.2\bin;C:\apache-maven-3.8.1\bin;;."/>
    <property name="java.vm.info" value="mixed mode, sharing"/>
    <property name="java.vendor" value="Oracle Corporation"/>
    <property name="java.vm.version" value="14.0.2+12-46"/>
    <property name="sun.io.unicode.encoding" value="UnicodeLittle"/>
    <property name="java.class.version" value="58.0"/>
  </properties>
  <testcase name="shouldAnswerWithTrue" classname="com.godzilla.AppTest" time="0.002"/>
</testsuite>